
========================[ Jan 17, 2018 12:19 PM ]========================
Version 2.2.26 [Sep-21-2011]
Started database file "/home/trestan/work/dev/metagenlab/phylo_profile/example/fasta/CP016856.fna"
Formatted 1 sequences in volume 0
SUCCESS: formatted database /home/trestan/work/dev/metagenlab/phylo_profile/example/fasta/CP016856.fna

========================[ Jan 17, 2018 12:20 PM ]========================
Version 2.2.26 [Sep-21-2011]
Started database file "/home/trestan/work/dev/metagenlab/phylo_profile/example/fasta/CP016856.fna"
Formatted 1 sequences in volume 0
SUCCESS: formatted database /home/trestan/work/dev/metagenlab/phylo_profile/example/fasta/CP016856.fna

========================[ Jan 17, 2018 12:20 PM ]========================
Version 2.2.26 [Sep-21-2011]
Started database file "/home/trestan/work/dev/metagenlab/phylo_profile/example/fasta/CP016863.fna"
Formatted 2 sequences in volume 0
SUCCESS: formatted database /home/trestan/work/dev/metagenlab/phylo_profile/example/fasta/CP016863.fna

========================[ Jan 17, 2018 12:20 PM ]========================
Version 2.2.26 [Sep-21-2011]
Started database file "/home/trestan/work/dev/metagenlab/phylo_profile/example/fasta/CP017094.fna"
Formatted 4 sequences in volume 0
SUCCESS: formatted database /home/trestan/work/dev/metagenlab/phylo_profile/example/fasta/CP017094.fna

========================[ Jan 17, 2018 12:20 PM ]========================
Version 2.2.26 [Sep-21-2011]
Started database file "/home/trestan/work/dev/metagenlab/phylo_profile/example/fasta/CP016861.fna"
Formatted 2 sequences in volume 0
SUCCESS: formatted database /home/trestan/work/dev/metagenlab/phylo_profile/example/fasta/CP016861.fna

========================[ Jan 17, 2018 12:20 PM ]========================
Version 2.2.26 [Sep-21-2011]
Started database file "/home/trestan/work/dev/metagenlab/phylo_profile/example/fasta/CP007447.fna"
Formatted 1 sequences in volume 0
SUCCESS: formatted database /home/trestan/work/dev/metagenlab/phylo_profile/example/fasta/CP007447.fna

========================[ Jan 17, 2018 12:20 PM ]========================
Version 2.2.26 [Sep-21-2011]
Started database file "/home/trestan/work/dev/metagenlab/phylo_profile/example/fasta/CP024649.fna"
Formatted 1 sequences in volume 0
SUCCESS: formatted database /home/trestan/work/dev/metagenlab/phylo_profile/example/fasta/CP024649.fna

========================[ Jan 17, 2018 12:20 PM ]========================
Version 2.2.26 [Sep-21-2011]
Started database file "/home/trestan/work/dev/metagenlab/phylo_profile/example/fasta/CP013959.fna"
Formatted 2 sequences in volume 0
SUCCESS: formatted database /home/trestan/work/dev/metagenlab/phylo_profile/example/fasta/CP013959.fna

========================[ Jan 17, 2018 12:20 PM ]========================
Version 2.2.26 [Sep-21-2011]
Started database file "/home/trestan/work/dev/metagenlab/phylo_profile/example/fasta/CP016858.fna"
Formatted 3 sequences in volume 0
SUCCESS: formatted database /home/trestan/work/dev/metagenlab/phylo_profile/example/fasta/CP016858.fna

========================[ Jan 17, 2018 12:20 PM ]========================
Version 2.2.26 [Sep-21-2011]
Started database file "/home/trestan/work/dev/metagenlab/phylo_profile/example/fasta/LT699704.fna"
Formatted 2 sequences in volume 0
SUCCESS: formatted database /home/trestan/work/dev/metagenlab/phylo_profile/example/fasta/LT699704.fna
